[    0.000000] Initializing cgroup subsys cpuset
[    0.000000] Initializing cgroup subsys cpu
[    0.000000] Initializing cgroup subsys cpuacct
[    0.000000] Linux version 4.4.0-210-generic (buildd@lgw01-amd64-009) (gcc version 5.4.0 20160609 (Ubuntu 5.4.0-6ubuntu1~16.04.12) ) #242-Ubuntu SMP Fri Apr 16 09:57:56 UTC 2021 (Ubuntu 4.4.0-210.242-generic 4.4.262)
[    0.000000] Command line: BOOT_IMAGE=/boot/vmlinuz-4.4.0-210-generic root=LABEL=cloudimg-rootfs ro console=tty1 console=ttyS0
[    0.000000] KERNEL supported cpus:
[    0.000000]   Intel GenuineIntel
[    0.000000]   AMD AuthenticAMD
[    0.000000]   Centaur CentaurHauls
[    0.000000] x86/fpu: Legacy x87 FPU detected.
[    0.000000] e820: BIOS-provided physical RAM map:
[    0.000000] BIOS-e820: [mem 0x0000000000000000-0x000000000009fbff] usable
[    0.000000] BIOS-e820: [mem 0x000000000009fc00-0x000000000009ffff] reserved
[    0.000000] BIOS-e820: [mem 0x00000000000f0000-0x00000000000fffff] reserved
[    0.000000] BIOS-e820: [mem 0x0000000000100000-0x000000007ffeffff] usable
[    0.000000] BIOS-e820: [mem 0x000000007fff0000-0x000000007fffffff] ACPI data
[    0.000000] BIOS-e820: [mem 0x00000000fec00000-0x00000000fec00fff] reserved
[    0.000000] BIOS-e820: [mem 0x00000000fee00000-0x00000000fee00fff] reserved
[    0.000000] BIOS-e820: [mem 0x00000000fffc0000-0x00000000ffffffff] reserved
[    0.000000] NX (Execute Disable) protection: active
[    0.000000] SMBIOS 2.5 present.
[    0.000000] Hypervisor detected: KVM
[    0.000000] e820: last_pfn = 0x7fff0 max_arch_pfn = 0x400000000
[    0.000000] MTRR: Disabled
[    0.000000] x86/PAT: MTRRs disabled, skipping PAT initialization too.
[    0.000000] CPU MTRRs all blank - virtualized system.
[    0.000000] x86/PAT: Configuration [0-7]: WB  WT  UC- UC  WB  WT  UC- UC  
[    0.000000] found SMP MP-table at [mem 0x0009fff0-0x0009ffff] mapped at [ffff88000009fff0]
[    0.000000] Scanning 1 areas for low memory corruption
[    0.000000] RAMDISK: [mem 0x36146000-0x3709afff]
[    0.000000] ACPI: Early table checksum verification disabled
[    0.000000] ACPI: RSDP 0x00000000000E0000 000024 (v02 VBOX  )
[    0.000000] ACPI: XSDT 0x000000007FFF0030 00003C (v01 VBOX   VBOXXSDT 00000001 ASL  00000061)
[    0.000000] ACPI: FACP 0x000000007FFF00F0 0000F4 (v04 VBOX   VBOXFACP 00000001 ASL  00000061)
[    0.000000] ACPI: DSDT 0x000000007FFF0610 002353 (v02 VBOX   VBOXBIOS 00000002 INTL 20100528)
[    0.000000] ACPI: FACS 0x000000007FFF0200 000040
[    0.000000] ACPI: FACS 0x000000007FFF0200 000040
[    0.000000] ACPI: APIC 0x000000007FFF0240 00005C (v02 VBOX   VBOXAPIC 00000001 ASL  00000061)
[    0.000000] ACPI: SSDT 0x000000007FFF02A0 00036C (v01 VBOX   VBOXCPUT 00000002 INTL 20100528)
[    0.000000] No NUMA configuration found
[    0.000000] Faking a node at [mem 0x0000000000000000-0x000000007ffeffff]
[    0.000000] NODE_DATA(0) allocated [mem 0x7ffeb000-0x7ffeffff]
[    0.000000] kvm-clock: Using msrs 4b564d01 and 4b564d00
[    0.000000] kvm-clock: cpu 0, msr 0:7ffe3001, primary cpu clock
[    0.000000] kvm-clock: using sched offset of 4853932219 cycles
[    0.000000] clocksource: kvm-clock: mask: 0xffffffffffffffff max_cycles: 0x1cd42e4dffb, max_idle_ns: 881590591483 ns
[    0.000000] Zone ranges:
[    0.000000]   DMA      [mem 0x0000000000001000-0x0000000000ffffff]
[    0.000000]   DMA32    [mem 0x0000000001000000-0x000000007ffeffff]
[    0.000000]   Normal   empty
[    0.000000]   Device   empty
[    0.000000] Movable zone start for each node
[    0.000000] Early memory node ranges
[    0.000000]   node   0: [mem 0x0000000000001000-0x000000000009efff]
[    0.000000]   node   0: [mem 0x0000000000100000-0x000000007ffeffff]
[    0.000000] Initmem setup node 0 [mem 0x0000000000001000-0x000000007ffeffff]
[    0.000000] ACPI: PM-Timer IO Port: 0x4008
[    0.000000] IOAPIC[0]: apic_id 2, version 32, address 0xfec00000, GSI 0-23
[    0.000000] ACPI: INT_SRC_OVR (bus 0 bus_irq 0 global_irq 2 dfl dfl)
[    0.000000] ACPI: INT_SRC_OVR (bus 0 bus_irq 9 global_irq 9 low level)
[    0.000000] Using ACPI (MADT) for SMP configuration information
[    0.000000] smpboot: Allowing 2 CPUs, 0 hotplug CPUs
[    0.000000] PM: Registered nosave memory: [mem 0x00000000-0x00000fff]
[    0.000000] PM: Registered nosave memory: [mem 0x0009f000-0x0009ffff]
[    0.000000] PM: Registered nosave memory: [mem 0x000a0000-0x000effff]
[    0.000000] PM: Registered nosave memory: [mem 0x000f0000-0x000fffff]
[    0.000000] e820: [mem 0x80000000-0xfebfffff] available for PCI devices
[    0.000000] Booting paravirtualized kernel on KVM
[    0.000000] clocksource: refined-jiffies: mask: 0xffffffff max_cycles: 0xffffffff, max_idle_ns: 7645519600211568 ns
[    0.000000] setup_percpu: NR_CPUS:512 nr_cpumask_bits:512 nr_cpu_ids:2 nr_node_ids:1
[    0.000000] PERCPU: Embedded 33 pages/cpu @ffff88007fc00000 s95192 r8192 d31784 u1048576
[    0.000000] Built 1 zonelists in Node order, mobility grouping on.  Total pages: 515960
[    0.000000] Policy zone: DMA32
[    0.000000] Kernel command line: BOOT_IMAGE=/boot/vmlinuz-4.4.0-210-generic root=LABEL=cloudimg-rootfs ro console=tty1 console=ttyS0
[    0.000000] PID hash table entries: 4096 (order: 3, 32768 bytes)
[    0.000000] Memory: 2029172K/2096696K available (8644K kernel code, 1332K rwdata, 4044K rodata, 1492K init, 1164K bss, 67524K reserved, 0K cma-reserved)
[    0.000000] SLUB: HWalign=64, Order=0-3, MinObjects=0, CPUs=2, Nodes=1
[    0.000000] Kernel/User page tables isolation: enabled
[    0.000000] Hierarchical RCU implementation.
[    0.000000] 	Build-time adjustment of leaf fanout to 64.
[    0.000000] 	RCU restricting CPUs from NR_CPUS=512 to nr_cpu_ids=2.
[    0.000000] RCU: Adjusting geometry for rcu_fanout_leaf=64, nr_cpu_ids=2
[    0.000000] NR_IRQS:33024 nr_irqs:440 16
[    0.000000] Console: colour VGA+ 80x25
[    0.000000] console [tty1] enabled
[    0.000000] console [ttyS0] enabled
[    0.000000] tsc: Detected 1991.999 MHz processor
[    1.873845] Calibrating delay loop (skipped) preset value.. 3983.99 BogoMIPS (lpj=7967996)
[    1.913625] pid_max: default: 32768 minimum: 301
[    1.934334] ACPI: Core revision 20150930
[    1.956967] ACPI: 2 ACPI AML tables successfully acquired and loaded
[    1.983745] Security Framework initialized
[    2.004086] Yama: becoming mindful.
[    2.017851] AppArmor: AppArmor initialized
[    2.035323] Dentry cache hash table entries: 262144 (order: 9, 2097152 bytes)
[    2.092918] Inode-cache hash table entries: 131072 (order: 8, 1048576 bytes)
[    2.132576] Mount-cache hash table entries: 4096 (order: 3, 32768 bytes)
[    2.155719] Mountpoint-cache hash table entries: 4096 (order: 3, 32768 bytes)
[    2.184991] Initializing cgroup subsys io
[    2.201029] Initializing cgroup subsys memory
[    2.218320] Initializing cgroup subsys devices
[    2.233222] Initializing cgroup subsys freezer
[    2.249914] Initializing cgroup subsys net_cls
[    2.271099] Initializing cgroup subsys perf_event
[    2.289950] Initializing cgroup subsys net_prio
[    2.315843] Initializing cgroup subsys hugetlb
[    2.334710] Initializing cgroup subsys pids
[    2.390386] mce: CPU supports 0 MCE banks
[    2.410194] Last level iTLB entries: 4KB 64, 2MB 8, 4MB 8
[    2.435029] Last level dTLB entries: 4KB 64, 2MB 0, 4MB 0, 1GB 4
[    2.456083] Spectre V1 : Mitigation: usercopy/swapgs barriers and __user pointer sanitization
[    2.488756] Spectre V2 : Mitigation: Full generic retpoline
[    2.509476] Spectre V2 : Spectre v2 / SpectreRSB mitigation: Filling RSB on context switch
[    2.538148] Speculative Store Bypass: Vulnerable
[    2.553354] SRBDS: Unknown: Dependent on hypervisor status
[    2.572785] MDS: Mitigation: Clear CPU buffers
[    2.743772] Freeing SMP alternatives memory: 36K
[    3.095338] ftrace: allocating 32380 entries in 127 pages
[    5.374906] smpboot: APIC(0) Converting physical 0 to logical package 0
[    5.396930] smpboot: Max logical packages: 1
[    5.439235] ..TIMER: vector=0x30 apic1=0 pin1=2 apic2=-1 pin2=-1
[    5.560669] APIC calibration not consistent with PM-Timer: 102ms instead of 100ms
[    5.575402] APIC delta adjusted to PM-Timer: 6288888 (6457305)
[    5.587983] smpboot: CPU0: Intel(R) Core(TM) i7-8550U CPU @ 1.80GHz (family: 0x6, model: 0x8e, stepping: 0xa)
[    5.609166] Performance Events: unsupported p6 CPU model 142 no PMU driver, software events only.
[    5.900377] KVM setup paravirtual spinlock
[    5.917709] x86: Booting SMP configuration:
[    5.929648] .... node  #0, CPUs:      #1
[    5.942040] kvm-clock: cpu 1, msr 0:7ffe3041, secondary cpu clock
[    5.980045] mce: CPU supports 0 MCE banks
[    5.987007] TSC synchronization [CPU#0 -> CPU#1]:
[    5.997100] Measured 64639 cycles TSC warp between CPUs, turning off TSC clock.
[    6.016056] tsc: Marking TSC unstable due to check_tsc_sync_source failed
[    1.284109] x86: Booted up 1 node, 2 CPUs
[    1.288010] smpboot: Total of 2 processors activated (7967.99 BogoMIPS)
[    1.304284] devtmpfs: initialized
[    1.316053] evm: security.selinux
[    1.324016] evm: security.SMACK64
[    1.328007] evm: security.SMACK64EXEC
[    1.332008] evm: security.SMACK64TRANSMUTE
[    1.336007] evm: security.SMACK64MMAP
[    1.340009] evm: security.ima
[    1.344006] evm: security.capability
[    1.352600] clocksource: jiffies: mask: 0xffffffff max_cycles: 0xffffffff, max_idle_ns: 7645041785100000 ns
[    1.408034] futex hash table entries: 512 (order: 3, 32768 bytes)
[    1.432331] pinctrl core: initialized pinctrl subsystem
[    1.449356] RTC time: 14:17:45, date: 11/26/24
[    1.470209] NET: Registered protocol family 16
[    1.492017] cpuidle: using governor ladder
[    1.512021] cpuidle: using governor menu
[    1.524023] PCCT header not found.
[    1.536303] ACPI: bus type PCI registered
[    1.548012] acpiphp: ACPI Hot Plug PCI Controller Driver version: 0.5
[    1.569704] PCI: Using configuration type 1 for base access
[    1.613257] ACPI: Added _OSI(Module Device)
[    1.624009] ACPI: Added _OSI(Processor Device)
[    1.640011] ACPI: Added _OSI(3.0 _SCP Extensions)
[    1.656012] ACPI: Added _OSI(Processor Aggregator Device)
[    1.681240] ACPI: Executed 1 blocks of module-level executable AML code
[    1.717959] ACPI: Interpreter enabled
[    1.728041] ACPI: (supports S0 S5)
[    1.740009] ACPI: Using IOAPIC for interrupt routing
[    1.760887] PCI: Using host bridge windows from ACPI; if necessary, use "pci=nocrs" and report a bug
[    1.812203] ACPI: PCI Root Bridge [PCI0] (domain 0000 [bus 00-ff])
[    1.832024] acpi PNP0A03:00: _OSC: OS supports [ASPM ClockPM Segments MSI]
[    1.853092] acpi PNP0A03:00: _OSC: not requesting OS control; OS requires [ExtendedConfig ASPM ClockPM MSI]
[    1.880038] acpi PNP0A03:00: fail to add MMCONFIG information, can't access extended PCI configuration space under this bridge.
[    1.912266] PCI host bridge to bus 0000:00
[    1.924015] pci_bus 0000:00: root bus resource [io  0x0000-0x0cf7 window]
[    1.944016] pci_bus 0000:00: root bus resource [io  0x0d00-0xffff window]
[    1.960021] pci_bus 0000:00: root bus resource [mem 0x000a0000-0x000bffff window]
[    1.984014] pci_bus 0000:00: root bus resource [mem 0x80000000-0xfdffffff window]
[    2.004016] pci_bus 0000:00: root bus resource [bus 00-ff]
[    2.040771] pci 0000:00:01.1: legacy IDE quirk: reg 0x10: [io  0x01f0-0x01f7]
[    2.060013] pci 0000:00:01.1: legacy IDE quirk: reg 0x14: [io  0x03f6]
[    2.076015] pci 0000:00:01.1: legacy IDE quirk: reg 0x18: [io  0x0170-0x0177]
[    2.092018] pci 0000:00:01.1: legacy IDE quirk: reg 0x1c: [io  0x0376]
[    2.249375] pci 0000:00:07.0: quirk: [io  0x4000-0x403f] claimed by PIIX4 ACPI
[    2.272139] pci 0000:00:07.0: quirk: [io  0x4100-0x410f] claimed by PIIX4 SMB
[    2.340731] ACPI: PCI Interrupt Link [LNKA] (IRQs 5 9 10 *11)
[    2.369136] ACPI: PCI Interrupt Link [LNKB] (IRQs 5 9 *10 11)
[    2.398829] ACPI: PCI Interrupt Link [LNKC] (IRQs 5 *9 10 11)
[    2.428497] ACPI: PCI Interrupt Link [LNKD] (IRQs 5 9 10 *11)
[    2.460671] ACPI: Enabled 2 GPEs in block 00 to 07
[    2.480627] vgaarb: setting as boot device: PCI:0000:00:02.0
[    2.484000] vgaarb: device added: PCI:0000:00:02.0,decodes=io+mem,owns=io+mem,locks=none
[    2.516012] vgaarb: loaded
[    2.528009] vgaarb: bridge control possible 0000:00:02.0
[    2.541234] SCSI subsystem initialized
[    2.552275] ACPI: bus type USB registered
[    2.568059] usbcore: registered new interface driver usbfs
[    2.584108] usbcore: registered new interface driver hub
[    2.600131] usbcore: registered new device driver usb
[    2.616702] PCI: Using ACPI for IRQ routing
[    2.632758] NetLabel: Initializing
[    2.644009] NetLabel:  domain hash size = 128
[    2.656006] NetLabel:  protocols = UNLABELED CIPSOv4
[    2.668230] NetLabel:  unlabeled traffic allowed by default
[    2.684210] amd_nb: Cannot enumerate AMD northbridges
[    2.696780] clocksource: Switched to clocksource kvm-clock
[    2.790196] AppArmor: AppArmor Filesystem Enabled
[    2.793069] pnp: PnP ACPI init
[    2.793069] pnp: PnP ACPI: found 3 devices
[    2.915800] clocksource: acpi_pm: mask: 0xffffff max_cycles: 0xffffff, max_idle_ns: 2085701024 ns
[    2.934940] NET: Registered protocol family 2
[    2.947125] TCP established hash table entries: 16384 (order: 5, 131072 bytes)
[    2.965401] TCP bind hash table entries: 16384 (order: 6, 262144 bytes)
[    2.982382] TCP: Hash tables configured (established 16384 bind 16384)
[    2.997225] UDP hash table entries: 1024 (order: 3, 32768 bytes)
[    3.011337] UDP-Lite hash table entries: 1024 (order: 3, 32768 bytes)
[    3.027383] NET: Registered protocol family 1
[    3.037845] pci 0000:00:00.0: Limiting direct PCI/PCI transfers
[    3.056184] pci 0000:00:01.0: Activating ISA DMA hang workarounds
[    3.073312] Unpacking initramfs...
[    3.620378] Freeing initrd memory: 15700K
[    4.211451] clocksource: tsc: mask: 0xffffffffffffffff max_cycles: 0x396d4ffc055, max_idle_ns: 881590662783 ns
[    4.247472] platform rtc_cmos: registered platform RTC device (no PNP device found)
[    4.271065] Scanning for low memory corruption every 60 seconds
[    4.296978] audit: initializing netlink subsys (disabled)
[    4.310658] audit: type=2000 audit(1732630670.328:1): initialized
[    4.325947] Initialise system trusted keyring
[    4.340827] HugeTLB registered 2 MB page size, pre-allocated 0 pages
[    4.359626] zbud: loaded
[    4.369873] VFS: Disk quotas dquot_6.6.0
[    4.382498] VFS: Dquot-cache hash table entries: 512 (order 0, 4096 bytes)
[    4.399365] squashfs: version 4.0 (2009/01/31) Phillip Lougher
[    4.414587] fuse init (API version 7.23)
[    4.426203] Key type big_key registered
[    4.436277] Allocating IMA MOK and blacklist keyrings.
[    4.482873] Key type asymmetric registered
[    4.496785] Asymmetric key parser 'x509' registered
[    4.512058] Block layer SCSI generic (bsg) driver version 0.4 loaded (major 249)
[    4.534473] io scheduler noop registered
[    4.548465] io scheduler deadline registered (default)
[    4.565714] io scheduler cfq registered
[    4.581979] pci_hotplug: PCI Hot Plug PCI Core version: 0.5
[    4.599280] pciehp: PCI Express Hot Plug Controller Driver version: 0.4
[    4.617254] ACPI: AC Adapter [AC] (on-line)
[    4.628853] input: Power Button as /devices/LNXSYSTM:00/LNXPWRBN:00/input/input0
[    4.649366] ACPI: Power Button [PWRF]
[    4.660668] input: Sleep Button as /devices/LNXSYSTM:00/LNXSLPBN:00/input/input1
[    4.679750] ACPI: Sleep Button [SLPF]
[    4.690978] GHES: HEST is not enabled!
[    4.694570] ACPI: Battery Slot [BAT0] (battery present)
[    4.715960] Serial: 8250/16550 driver, 32 ports, IRQ sharing enabled
[    4.780926] 00:02: ttyS0 at I/O 0x3f8 (irq = 4, base_baud = 115200) is a 16550A
[    4.802219] Linux agpgart interface v0.103
[    4.823918] loop: module loaded
[    4.837714] scsi host0: ata_piix
[    4.849020] scsi host1: ata_piix
[    4.858162] ata1: PATA max UDMA/33 cmd 0x1f0 ctl 0x3f6 bmdma 0xd000 irq 14
[    4.875340] ata2: PATA max UDMA/33 cmd 0x170 ctl 0x376 bmdma 0xd008 irq 15
[    4.893945] libphy: Fixed MDIO Bus: probed
[    4.904108] tun: Universal TUN/TAP device driver, 1.6
[    4.915528] tun: (C) 1999-2004 Max Krasnyansky <maxk@qualcomm.com>
[    4.931951] PPP generic driver version 2.4.2
[    4.945077] ehci_hcd: USB 2.0 'Enhanced' Host Controller (EHCI) Driver
[    4.959531] ehci-pci: EHCI PCI platform driver
[    4.969026] ehci-platform: EHCI generic platform driver
[    4.980988] ohci_hcd: USB 1.1 'Open' Host Controller (OHCI) Driver
[    4.994774] ohci-pci: OHCI PCI platform driver
[    5.004946] ohci-platform: OHCI generic platform driver
[    5.017803] uhci_hcd: USB Universal Host Controller Interface driver
[    5.031385] i8042: PNP: PS/2 Controller [PNP0303:PS2K,PNP0f03:PS2M] at 0x60,0x64 irq 1,12
[    5.055237] serio: i8042 KBD port at 0x60,0x64 irq 1
[    5.066311] serio: i8042 AUX port at 0x60,0x64 irq 12
[    5.078279] mousedev: PS/2 mouse device common for all mice
[    5.094131] input: AT Translated Set 2 keyboard as /devices/platform/i8042/serio0/input/input2
[    5.114889] rtc_cmos rtc_cmos: rtc core: registered rtc_cmos as rtc0
[    5.129872] rtc_cmos rtc_cmos: alarms up to one day, 114 bytes nvram
[    5.144520] i2c /dev entries driver
[    5.151895] device-mapper: uevent: version 1.0.3
[    5.162730] device-mapper: ioctl: 4.34.0-ioctl (2015-10-28) initialised: dm-devel@redhat.com
[    5.180427] ledtrig-cpu: registered to indicate activity on CPUs
[    5.235018] NET: Registered protocol family 10
[    5.245560] NET: Registered protocol family 17
[    5.255037] Key type dns_resolver registered
[    5.266630] registered taskstats version 1
[    5.275471] Loading compiled-in X.509 certificates
[    5.286245] Loaded X.509 cert 'Build time autogenerated kernel key: cf00e047681d67edb2720680708b7d9498083038'
[    5.305372] zswap: loaded using pool lzo/zbud
[    5.325548] Key type trusted registered
[    5.352976] Key type encrypted registered
[    5.361005] AppArmor: AppArmor sha1 policy hashing enabled
[    5.371402] ima: No TPM chip found, activating TPM-bypass!
[    5.382401] ima: Allocated hash algorithm: sha1
[    5.391428] evm: HMAC attrs: 0x1
[    5.402365]   Magic number: 0:191:284
[    5.411195] rtc_cmos rtc_cmos: setting system clock to 2024-11-26 14:17:49 UTC (1732630669)
[    5.429093] BIOS EDD facility v0.16 2004-Jun-25, 0 devices found
[    5.440147] EDD information not available.
[    5.454399] Freeing unused kernel memory: 1492K
[    5.477282] Write protecting the kernel read-only data: 14336k
[    5.494037] Freeing unused kernel memory: 1584K
[    5.503695] Freeing unused kernel memory: 52K
Loading, please wait...
starting version 229
[    5.574418] random: systemd-udevd: uninitialized urandom read (16 bytes read, 12 bits of entropy available)
[    5.576907] random: udevadm: uninitialized urandom read (16 bytes read, 12 bits of entropy available)
[    5.576951] random: udevadm: uninitialized urandom read (16 bytes read, 12 bits of entropy available)
[    5.609906] random: udevadm: uninitialized urandom read (16 bytes read, 12 bits of entropy available)
[    5.610024] random: udevadm: uninitialized urandom read (16 bytes read, 12 bits of entropy available)
[    5.610465] random: udevadm: uninitialized urandom read (16 bytes read, 12 bits of entropy available)
[    5.610589] random: udevadm: uninitialized urandom read (16 bytes read, 12 bits of entropy available)
[    5.610796] random: udevadm: uninitialized urandom read (16 bytes read, 12 bits of entropy available)
[    5.611026] random: udevadm: uninitialized urandom read (16 bytes read, 12 bits of entropy available)
[    5.611149] random: udevadm: uninitialized urandom read (16 bytes read, 12 bits of entropy available)
[    5.939633] e1000: Intel(R) PRO/1000 Network Driver - version 7.3.21-k8-NAPI
[    5.958905] e1000: Copyright (c) 1999-2006 Intel Corporation.
[    6.118159] Fusion MPT base driver 3.04.20
[    6.130668] Copyright (c) 1999-2008 LSI Corporation
[    6.335145] Fusion MPT SPI Host driver 3.04.20
[    6.535830] input: ImExPS/2 Generic Explorer Mouse as /devices/platform/i8042/serio1/input/input5
[    6.598854] SSE version of gcm_enc/dec engaged.
[    7.849315] e1000 0000:00:03.0 eth0: (PCI:33MHz:32-bit) 02:be:82:6b:cc:1d
[    7.849315] e1000 0000:00:03.0 eth0: Intel(R) PRO/1000 Network Connection
[    9.168652] e1000 0000:00:08.0 eth1: (PCI:33MHz:32-bit) 08:00:27:f6:1a:b9
[    9.168652] e1000 0000:00:08.0 eth1: Intel(R) PRO/1000 Network Connection
[   10.586530] e1000 0000:00:09.0 eth2: (PCI:33MHz:32-bit) 08:00:27:37:c8:6d
[   10.586530] e1000 0000:00:09.0 eth2: Intel(R) PRO/1000 Network Connection
[   10.647918] mptbase: ioc0: Initiating bringup
[   10.662629] e1000 0000:00:09.0 enp0s9: renamed from eth2
[   12.718197] e1000 0000:00:03.0 enp0s3: renamed from eth0
[   12.793204] e1000 0000:00:08.0 enp0s8: renamed from eth1
[   12.838321] ioc0: LSI53C1030 A0: Capabilities={Initiator}
[   13.131012] scsi host2: ioc0: LSI53C1030 A0, FwRev=00000000h, Ports=1, MaxQ=256, IRQ=20
[   13.337271] scsi 2:0:0:0: Direct-Access     VBOX     HARDDISK         1.0  PQ: 0 ANSI: 5
[   13.354274] scsi target2:0:0: Beginning Domain Validation
[   13.384263] scsi target2:0:0: Domain Validation skipping write tests
[   13.388034] scsi target2:0:0: Ending Domain Validation
[   13.408942] scsi target2:0:0: asynchronous
[   13.471763] scsi 2:0:1:0: Direct-Access     VBOX     HARDDISK         1.0  PQ: 0 ANSI: 5
[   13.475580] scsi target2:0:1: Beginning Domain Validation
[   13.522127] scsi target2:0:1: Domain Validation skipping write tests
[   13.536973] scsi target2:0:1: Ending Domain Validation
[   13.549658] scsi target2:0:1: asynchronous
[   13.649991] sd 2:0:0:0: Attached scsi generic sg0 type 0
[   13.668836] sd 2:0:0:0: [sda] 83886080 512-byte logical blocks: (42.9 GB/40.0 GiB)
[   13.698109] sd 2:0:1:0: Attached scsi generic sg1 type 0
[   13.698460] sd 2:0:1:0: [sdb] 20480 512-byte logical blocks: (10.5 MB/10.0 MiB)
[   13.701048] sd 2:0:1:0: [sdb] Write Protect is off
[   13.702909] sd 2:0:1:0: [sdb] Incomplete mode parameter data
[   13.702913] sd 2:0:1:0: [sdb] Assuming drive cache: write through
[   13.718421] sd 2:0:0:0: [sda] Write Protect is off
[   13.720588] sd 2:0:0:0: [sda] Incomplete mode parameter data
[   13.720591] sd 2:0:0:0: [sda] Assuming drive cache: write through
[   13.744114]  sda: sda1
[   13.762703] sd 2:0:0:0: [sda] Attached SCSI disk
[   13.765670] sd 2:0:1:0: [sdb] Attached SCSI disk
Begin: Loading essential drivers ... [   16.830112] md: linear personality registered for level -1
[   16.865296] md: multipath personality registered for level -4
[   16.896897] md: raid0 personality registered for level 0
[   16.969351] md: raid1 personality registered for level 1
[   17.072347] raid6: sse2x1   gen()  3528 MB/s
[   17.158343] raid6: sse2x1   xor()  2035 MB/s
[   17.244890] raid6: sse2x2   gen()  4540 MB/s
[   17.328937] raid6: sse2x2   xor()  3210 MB/s
[   17.408713] raid6: sse2x4   gen()  6466 MB/s
[   17.488720] raid6: sse2x4   xor()  4303 MB/s
[   17.501909] raid6: using algorithm sse2x4 gen() 6466 MB/s
[   17.515710] raid6: .... xor() 4303 MB/s, rmw enabled
[   17.529558] raid6: using ssse3x2 recovery algorithm
[   17.551241] xor: measuring software checksum speed
[   22.576412]    prefetch64-sse: 2111948.000 MB/sec
[   22.688937]    generic_sse: 17358.000 MB/sec
[   22.699859] xor: using function: prefetch64-sse (2111948.000 MB/sec)
[   22.720799] async_tx: api initialized (async)
[   22.856531] md: raid6 personality registered for level 6
[   22.869634] md: raid5 personality registered for level 5
[   22.883443] md: raid4 personality registered for level 4
[   22.982105] md: raid10 personality registered for level 10
done.
Begin: Running /scripts/init-premount ... done.
Begin: Mounting root file system ... Begin: Running /scripts/local-top ... done.
Begin: Running /scripts/local-premount ... [   23.334018] Btrfs loaded
Scanning for Btrfs filesystems
done.
Begin: Will now check root file system ... fsck from util-linux 2.27.1
[/sbin/fsck.ext4 (1) -- /dev/sda1] fsck.ext4 -a -C0 /dev/sda1 
cloudimg-rootfs: clean, 87634/5120000 files, 709795/10485499 blocks
done.
[   23.596994] EXT4-fs (sda1): mounted filesystem with ordered data mode. Opts: (null)
done.
Begin: Running /scripts/local-bottom ... done.
Begin: Running /scripts/init-bottom ... done.
[   24.223214] systemd[1]: systemd 229 running in system mode. (+PAM +AUDIT +SELINUX +IMA +APPARMOR +SMACK +SYSVINIT +UTMP +LIBCRYPTSETUP +GCRYPT +GNUTLS +ACL +XZ -LZ4 +SECCOMP +BLKID +ELFUTILS +KMOD -IDN)
[   24.272667] systemd[1]: Detected virtualization oracle.
[   24.288027] systemd[1]: Detected architecture x86-64.

Welcome to [1mUbuntu 16.04.7 LTS[0m!

[   24.318122] systemd[1]: Set hostname to <puppet>.
[   24.416798] random: nonblocking pool is initialized
[   25.090018] systemd[1]: Listening on udev Kernel Socket.
[[0;32m  OK  [0m] Listening on udev Kernel Socket.
[   25.117188] systemd[1]: Reached target System Time Synchronized.
[[0;32m  OK  [0m] Reached target System Time Synchronized.
[   25.143449] systemd[1]: Listening on Journal Audit Socket.
[[0;32m  OK  [0m] Listening on Journal Audit Socket.
[   25.167955] systemd[1]: Set up automount Arbitrary Executable File Formats File System Automount Point.
[[0;32m  OK  [0m] Set up automount Arbitrary Executab...ats File System Automount Point.
[   25.202941] systemd[1]: Reached target Encrypted Volumes.
[[0;32m  OK  [0m] Reached target Encrypted Volumes.
[   25.227918] systemd[1]: Reached target User and Group Name Lookups.
[[0;32m  OK  [0m] Reached target User and Group Name Lookups.
[   25.265029] systemd[1]: Listening on LVM2 metadata daemon socket.
[[0;32m  OK  [0m] Listening on LVM2 metadata daemon socket.
[   25.298615] systemd[1]: Started Forward Password Requests to Wall Directory Watch.
[[0;32m  OK  [0m] Started Forward Password Requests to Wall Directory Watch.
[   25.338933] systemd[1]: Listening on Device-mapper event daemon FIFOs.
[[0;32m  OK  [0m] Listening on Device-mapper event daemon FIFOs.
[   25.374134] systemd[1]: Started Trigger resolvconf update for networkd DNS.
[[0;32m  OK  [0m] Started Trigger resolvconf update for networkd DNS.
[   25.405745] systemd[1]: Listening on Journal Socket (/dev/log).
[[0;32m  OK  [0m] Listening on Journal Socket (/dev/log).
[   25.437253] systemd[1]: Reached target Swap.
[[0;32m  OK  [0m] Reached target Swap.
[   25.462279] systemd[1]: Listening on Syslog Socket.
[[0;32m  OK  [0m] Listening on Syslog Socket.
[   25.487792] systemd[1]: Listening on Journal Socket.
[[0;32m  OK  [0m] Listening on Journal Socket.
[   25.513856] systemd[1]: Listening on LVM2 poll daemon socket.
[[0;32m  OK  [0m] Listening on LVM2 poll daemon socket.
[   25.539710] systemd[1]: Listening on udev Control Socket.
[[0;32m  OK  [0m] Listening on udev Control Socket.
[   25.565380] systemd[1]: Listening on fsck to fsckd communication Socket.
[[0;32m  OK  [0m] Listening on fsck to fsckd communication Socket.
[   25.593460] systemd[1]: Created slice System Slice.
[[0;32m  OK  [0m] Created slice System Slice.
[   25.633570] systemd[1]: Starting Load Kernel Modules...
         Starting Load Kernel Modules...
[   25.671143] systemd[1]: Starting Create list of required static device nodes for the current kernel...
         [   25.703573] Loading iSCSI transport class v2.0-870.
Starting Create list of required st... nodes for the current kernel...
[   25.720226] systemd[1]: Starting Set console keymap...
         Starting Set console keymap...
[   25.751295] systemd[1]: Mounting Debug File System...
         Mounting Debug File System...
[   25.774655] systemd[1]: Mounting Huge Pages File System...
[   25.789064] iscsi: registered transport (tcp)
         Mounting Huge Pages File System...
[   25.811389] systemd[1]: Starting Remount Root and Kernel File Systems...
[   25.832415] EXT4-fs (sda1): re-mounted. Opts: (null)
         Starting Remount Root and Kernel File Systems...
[   25.848852] systemd[1]: Created slice system-serial\x2dgetty.slice.
[[0;32m  OK  [0m] Created slice system-serial\x2dgetty.slice.
[   25.900869] systemd[1]: Starting Nameserver information manager...
         Starting Nameserver information manager...
[   25.926898] systemd[1]: Mounting POSIX Message Queue File System...
         Mounting POSIX Message Queue File System...
[   25.953955] systemd[1]: Starting Monitoring of LVM2 mirrors, snapshots etc. using dmeventd or progress polling...
         Starting Monitoring of LVM2 mirrors... dmeventd or progress polling...
[   25.995771] systemd[1]: Starting Uncomplicated firewall...
         Starting Uncomplicated firewall...
[   26.036014] systemd[1]: Listening on /dev/initctl Compatibility Named Pipe.
[[0;32m  OK  [0m] Listening on /dev/initctl Compatibility Named Pipe.
[   26.080699] systemd[1]: Created slice User and Session Slice.
[[0;32m  OK  [0m] Created slice User and Session Slice.
[   26.113086] systemd[1]: Reached target Slices.
[[0;32m  OK  [0m] Reached target Slices.
[   26.150958] systemd[1]: Starting Journal Service...
         Starting Journal Service...
[   26.177669] systemd[1]: Mounted Huge Pages File System.
[[0;32m  OK  [0m] Mounted Huge Pages File System.
[   26.201616] systemd[1]: Mounted POSIX Message Queue File System.
[[0;32m  OK  [0m] Mounted POSIX Message Queue File System.
[   26.230055] systemd[1]: Mounted Debug File System.
[[0;32m  OK  [0m] Mounted Debug File System.
[   26.258146] systemd[1]: Started Create list of required static device nodes for the current kernel.
[[0;32m  OK  [0m] Started Create list of required sta...ce nodes for the current kernel.
[   26.297284] systemd[1]: Started Set console keymap.
[[0;32m  OK  [0m] Started Set console keymap.
[   26.326492] systemd[1]: Started Remount Root and Kernel File Systems.
[[0;32m  OK  [0m] Started Remount Root and Kernel File Systems.
[   26.372073] iscsi: registered transport (iser)
[   26.401772] systemd[1]: Started Load Kernel Modules.
[[0;32m  OK  [0m] Started Load Kernel Modules.
[   26.463231] systemd[1]: Started Uncomplicated firewall.
[[0;32m  OK  [0m] Started Uncomplicated firewall.
[   26.507473] systemd[1]: Started Nameserver information manager.
[[0;32m  OK  [0m] Started Nameserver information manager.
[   26.582333] systemd[1]: Started Journal Service.
[[0;32m  OK  [0m] Started Journal Service.
[[0;32m  OK  [0m] Started LVM2 metadata daemon.
         Mounting FUSE Control File System...
         Starting Apply Kernel Variables...
         Starting Flush Journal to Persistent Storage...
         Starting Load/Save Random Seed...
         Starting udev Coldplug all Devices...
         Starting Create Static Device Nodes in /dev...
[[0;32m  OK  [0m] Mounted FUSE Control File System.
[[0;32m  OK  [0m] Started Apply Kernel Variables.
[[0;32m  OK  [0m] Started Load/Save Random Seed.
[[0;32m  OK  [0m] Started Flush Journal to Persistent Storage.
[[0;32m  OK  [0m] Started Create Static Device Nodes in /dev.
         Starting udev Kernel Device Manager...
[[0;32m  OK  [0m] Started Monitoring of LVM2 mirrors,...ng dmeventd or progress polling.
[[0;32m  OK  [0m] Started udev Coldplug all Devices.
[[0;32m  OK  [0m] Started udev Kernel Device Manager.
[[0;32m  OK  [0m] Started Dispatch Password Requests to Console Directory Watch.
[[0;32m  OK  [0m] Reached target Local File Systems (Pre).
[[0;32m  OK  [0m] Reached target Local File Systems.
         Starting Initial cloud-init job (pre-networking)...
         Starting Create Volatile Files and Directories...
         Starting Tell Plymouth To Write Out Runtime Data...
         Starting LSB: AppArmor initialization...
         Starting Set console font and keymap...
[[0;32m  OK  [0m] Started Create Volatile Files and Directories.
[[0;32m  OK  [0m] Started Tell Plymouth To Write Out Runtime Data.
         Starting Update UTMP about System Boot/Shutdown...
[[0;32m  OK  [0m] Started Update UTMP about System Boot/Shutdown.
[[0;32m  OK  [0m] Found device /dev/ttyS0.
[[0;32m  OK  [0m] Started LSB: AppArmor initialization.
[[0;32m  OK  [0m] Listening on Load/Save RF Kill Switch Status /dev/rfkill Watch.
         Starting Load AppArmor profiles managed internally by snapd...
[[0;32m  OK  [0m] Started Load AppArmor profiles managed internally by snapd.
[[0;32m  OK  [0m] Found device 82540EM Gigabit Ethern...r (PRO/1000 MT Desktop Adapter).
[   32.809584] cloud-init[499]: Cloud-init v. 21.1-19-gbad84ad4-0ubuntu1~16.04.2 running 'init-local' at Tue, 26 Nov 2024 14:18:15 +0000. Up 31.83 seconds.
[[0;32m  OK  [0m] Found device 82540EM Gigabit Ethern...r (PRO/1000 MT Desktop Adapter).
[[0;32m  OK  [0m] Started Initial cloud-init job (pre-networking).
[[0;32m  OK  [0m] Found device 82540EM Gigabit Ethern...r (PRO/1000 MT Desktop Adapter).
[[0;32m  OK  [0m] Reached target Network (Pre).
         Starting Raise network interfaces...
[[0;32m  OK  [0m] Started ifup for enp0s8.
[[0;32m  OK  [0m] Started ifup for enp0s3.
[[0;32m  OK  [0m] Started ifup for enp0s9.
[[0;32m  OK  [0m] Started Set console font and keymap.
[[0;32m  OK  [0m] Created slice system-getty.slice.
[[0;32m  OK  [0m] Started Raise network interfaces.
[[0;32m  OK  [0m] Reached target Network.
         Starting Initial cloud-init job (metadata service crawler)...
[   40.607989] cloud-init[1238]: Cloud-init v. 21.1-19-gbad84ad4-0ubuntu1~16.04.2 running 'init' at Tue, 26 Nov 2024 14:18:23 +0000. Up 38.92 seconds.
[   40.637322] cloud-init[1238]: ci-info: ++++++++++++++++++++++++++++++++++++++Net device info+++++++++++++++++++++++++++++++++++++++
[   40.663578] cloud-init[1238]: ci-info: +--------+------+-----------------------------+---------------+--------+-------------------+
[   40.687305] cloud-init[1238]: ci-info: | Device |  Up  |           Address           |      Mask     | Scope  |     Hw-Address    |
[   40.715793] cloud-init[1238]: ci-info: +--------+------+-----------------------------+---------------+--------+-------------------+
[   40.750872] cloud-init[1238]: ci-info: | enp0s3 | True |          10.0.2.15          | 255.255.255.0 | global | 02:be:82:6b:cc:1d |
[   40.780267] cloud-init[1238]: ci-info: | enp0s3 | True |  fe80::be:82ff:fe6b:cc1d/64 |       .       |  link  | 02:be:82:6b:cc:1d |
[   40.808162] cloud-init[1238]: ci-info: | enp0s8 | True |        192.168.50.10        | 255.255.255.0 | global | 08:00:27:f6:1a:b9 |
[   40.834665] cloud-init[1238]: ci-info: | enp0s8 | True | fe80::a00:27ff:fef6:1ab9/64 |       .       |  link  | 08:00:27:f6:1a:b9 |
[   40.860570] cloud-init[1238]: ci-info: | enp0s9 | True |          10.0.0.18          | 255.255.255.0 | global | 08:00:27:37:c8:6d |
[   40.883392] cloud-init[1238]: ci-info: | enp0s9 | True | fe80::a00:27ff:fe37:c86d/64 |       .       |  link  | 08:00:27:37:c8:6d |
[   40.908828] cloud-init[1238]: ci-info: |   lo   | True |          127.0.0.1          |   255.0.0.0   |  host  |         .         |
[   40.932502] cloud-init[1238]: ci-info: |   lo   | True |           ::1/128           |       .       |  host  |         .         |
[   40.968510] cloud-init[1238]: ci-info: +--------+------+-----------------------------+---------------+--------+-------------------+
[   40.997863] cloud-init[1238]: ci-info: ++++++++++++++++++++++++++++Route IPv4 info++++++++++++++++++++++++++++
[   41.024634] cloud-init[1238]: ci-info: +-------+--------------+----------+---------------+-----------+-------+
[   41.055794] cloud-init[1238]: ci-info: | Route | Destination  | Gateway  |    Genmask    | Interface | Flags |
[   41.081933] cloud-init[1238]: ci-info: +-------+--------------+----------+---------------+-----------+-------+
[   41.108913] cloud-init[1238]: ci-info: |   0   |   0.0.0.0    | 10.0.2.2 |    0.0.0.0    |   enp0s3  |   UG  |
[   41.135849] cloud-init[1238]: ci-info: |   1   |   10.0.0.0   | 0.0.0.0  | 255.255.255.0 |   enp0s9  |   U   |
[   41.178076] cloud-init[1238]: ci-info: |   2   |   10.0.2.0   | 0.0.0.0  | 255.255.255.0 |   enp0s3  |   U   |
[   41.215121] cloud-init[1238]: ci-info: |   3   | 192.168.50.0 | 0.0.0.0  | 255.255.255.0 |   enp0s8  |   U   |
[   41.280282] cloud-init[1238]: ci-info: +-------+--------------+----------+---------------+-----------+-------+
[   41.318791] cloud-init[1238]: ci-info: ++++++++++++++++++++++++++++Route IPv6 info++++++++++++++++++++++++++++
[   41.359501] cloud-init[1238]: ci-info: +-------+-------------+---------------------------+-----------+-------+
[   41.388075] cloud-init[1238]: ci-info: | Route | Destination |          Gateway          | Interface | Flags |
[   41.426284] cloud-init[1238]: ci-info: +-------+-------------+---------------------------+-----------+-------+
[   41.471458] cloud-init[1238]: ci-info: |   0   |  fe80::/64  |             ::            |   enp0s8  |   U   |
[   41.526136] cloud-init[1238]: ci-info: |   1   |  fe80::/64  |             ::            |   enp0s9  |   U   |
[   41.579089] cloud-init[1238]: ci-info: |   2   |  fe80::/64  |             ::            |   enp0s3  |   U   |
[   41.649058] cloud-init[1238]: ci-info: |   3   |     ::/0    | fe80::5e6a:80ff:fe91:a2fa |   enp0s9  |  UGe  |
[   41.653155] cloud-init[1238]: ci-info: |   9   |   ff00::/8  |             ::            |   enp0s8  |   U   |
[[   41.653499] [0;32m  OK  [0m] Started Initial cloud-init job (metadata service crawler).
cloud-init[1238]: ci-info: |   10  |   ff00::/8  |             ::            |   enp0s9  |   U   |
[   41.683265] cloud-init[1238]: ci-info: |   11  |   ff00::/8  |             ::            |   enp0s3  |   U   |
[   41.683486] cloud-init[1238]: ci-info: +-------+-------------+---------------------------+-----------+-------+
[[0;32m  OK  [0m] Reached target System Initialization.
[[0;32m  OK  [0m] Started Daily apt download activities.
[[0;32m  OK  [0m] Listening on ACPID Listen Socket.
         Starting Socket activation for snappy daemon.
[[0;32m  OK  [0m] Listening on D-Bus System Message Bus Socket.
[[0;32m  OK  [0m] Started Daily apt upgrade and clean activities.
         Starting LXD - unix socket.
[[0;32m  OK  [0m] Started ACPI Events Check.
[[0;32m  OK  [0m] Reached target Paths.
[[0;32m  OK  [0m] Started Message of the Day.
[[0;32m  OK  [0m] Listening on UUID daemon activation socket.
[[0;32m  OK  [0m] Started Daily Cleanup of Temporary Directories.
[[0;32m  OK  [0m] Reached target Timers.
[[0;32m  OK  [0m] Reached target Network is Online.
         Starting iSCSI initiator daemon (iscsid)...
[[0;32m  OK  [0m] Reached target Cloud-config availability.
[[0;32m  OK  [0m] Listening on Socket activation for snappy daemon.
[[0;32m  OK  [0m] Listening on LXD - unix socket.
[[0;32m  OK  [0m] Reached target Sockets.
[[0;32m  OK  [0m] Reached target Basic System.
[[0;32m  OK  [0m] Started Regular background program processing daemon.
         Starting /etc/rc.local Compatibility...
[[0;32m  OK  [0m] Started ACPI event daemon.
[[0;32m  OK  [0m] Started Deferred execution scheduler.
         Starting LSB: Record successful boot for GRUB...
         Starting LXD - container startup/shutdown...
         Starting Accounts Service...
         Starting Virtualbox guest utils...
         Starting System Logging Service...
[[0;32m  OK  [0m] Started D-Bus System Message Bus.
         Starting puppetserver Service...
[[0;32m  OK  [0m] Started FUSE filesystem for LXC.
         Starting LSB: MD monitoring daemon...
         Starting OpenBSD Secure Shell server...
[[0;32m  OK  [0m] Started Puppet agent.
         Starting Login Service...
         Starting Snap Daemon...
[[0;32m  OK  [0m] Started System Logging Service.
[[0;32m  OK  [0m] Started iSCSI initiator daemon (iscsid).
[[0;32m  OK  [0m] Started /etc/rc.local Compatibility.
[[0;32m  OK  [0m] Started LXD - container startup/shutdown.
         Starting Authenticate and Authorize Users to Run Privileged Tasks...
         Starting Login to default iSCSI targets...
[[0;32m  OK  [0m] Started Login Service.
[[0;32m  OK  [0m] Started Unattended Upgrades Shutdown.
[[0;32m  OK  [0m] Started LSB: Record successful boot for GRUB.
[[0;32m  OK  [0m] Started LSB: MD monitoring daemon.
[[0;32m  OK  [0m] Started Authenticate and Authorize Users to Run Privileged Tasks.
[[0;32m  OK  [0m] Started Accounts Service.
[[0;32m  OK  [0m] Started OpenBSD Secure Shell server.
[[0;32m  OK  [0m] Started Login to default iSCSI targets.
[[0;32m  OK  [0m] Reached target Remote File Systems (Pre).
         Mounting /myPuppetLab...
[[0;1;31mFAILED[0m] Failed to mount /myPuppetLab.
See 'systemctl status myPuppetLab.mount' for details.
[[0;1;33mDEPEND[0m] Dependency failed for Remote File Systems.
         Starting Permit User Sessions...
         Starting LSB: automatic crash report generation...
         Starting LSB: Set the CPU Frequency Scaling governor to "ondemand"...
         Starting LSB: daemon to balance interrupts for SMP systems...
[[0;32m  OK  [0m] Started Permit User Sessions.
         Starting Hold until boot process finishes up...
         Starting Terminate Plymouth Boot Screen...
[[0;32m  OK  [0m] Started Hold until boot process finishes up.
[[0;32m  OK  [0m] Started Getty on tty1.
[[0;32m  OK  [0m] Started Serial Getty on ttyS0.
[[0;32m  OK  [0m] Reached target Login Prompts.
         Starting Set console scheme...
[[0;32m  OK  [0m] Started Terminate Plymouth Boot Screen.
[[0;32m  OK  [0m] Started LSB: daemon to balance interrupts for SMP systems.
[[0;32m  OK  [0m] Started Set console scheme.
[[0;32m  OK  [0m] Started LSB: Set the CPU Frequency Scaling governor to "ondemand".
[[0;32m  OK  [0m] Created slice User Slice of vagrant.
         Starting User Manager for UID 1000...
[[0;32m  OK  [0m] Started Session 1 of user vagrant.
[[0;32m  OK  [0m] Started LSB: automatic crash report generation.
[[0;32m  OK  [0m] Started User Manager for UID 1000.
[[0;32m  OK  [0m] Started Virtualbox guest utils.
[[0;32m  OK  [0m] Started Snap Daemon.
         Starting Wait until snapd is fully seeded...
[[0;32m  OK  [0m] Started Wait until snapd is fully seeded.
         Starting Apply the settings specified in cloud-config...

Ubuntu 16.04.7 LTS puppet ttyS0

puppet login: [   54.288263] cloud-init[1631]: Cloud-init v. 21.1-19-gbad84ad4-0ubuntu1~16.04.2 running 'modules:config' at Tue, 26 Nov 2024 14:18:37 +0000. Up 53.13 seconds.
[  155.235462] cloud-init[2571]: Cloud-init v. 21.1-19-gbad84ad4-0ubuntu1~16.04.2 running 'modules:final' at Tue, 26 Nov 2024 14:20:18 +0000. Up 154.73 seconds.
[  155.301167] cloud-init[2571]: Cloud-init v. 21.1-19-gbad84ad4-0ubuntu1~16.04.2 finished at Tue, 26 Nov 2024 14:20:19 +0000. Datasource DataSourceNoCloud [seed=/dev/sdb][dsmode=net].  Up 155.20 seconds
